<?xml version="1.0" encoding="UTF-8"?>
<testng-results ignored="0" total="1" passed="1" failed="0" skipped="0">
  <reporter-output>
  </reporter-output>
  <suite started-at="2023-02-14T01:53:34 IST" name="Default suite" finished-at="2023-02-14T01:53:41 IST" duration-ms="7110">
    <groups>
    </groups>
    <test started-at="2023-02-14T01:53:34 IST" name="Default test" finished-at="2023-02-14T01:53:41 IST" duration-ms="7110">
      <class name="testScripts.Tc1">
        <test-method is-config="true" signature="connectDB()[pri:0, instance:testScripts.Tc1@18d87d80]" started-at="2023-02-14T01:53:34 IST" name="connectDB" finished-at="2023-02-14T01:53:34 IST" duration-ms="6" status="PASS">
          <reporter-output>
          </reporter-output>
        </test-method> <!-- connectDB -->
        <test-method is-config="true" signature="configBC(java.lang.String)[pri:0, instance:testScripts.Tc1@18d87d80]" started-at="2023-02-14T01:53:34 IST" name="configBC" finished-at="2023-02-14T01:53:38 IST" duration-ms="3696" status="PASS">
          <params>
            <param index="0">
              <value>
                <![CDATA[chrome]]>
              </value>
            </param>
          </params>
          <reporter-output>
          </reporter-output>
        </test-method> <!-- configBC -->
        <test-method is-config="true" signature="loginToApp()[pri:0, instance:testScripts.Tc1@18d87d80]" started-at="2023-02-14T01:53:38 IST" name="loginToApp" finished-at="2023-02-14T01:53:38 IST" duration-ms="0" status="PASS">
          <reporter-output>
          </reporter-output>
        </test-method> <!-- loginToApp -->
        <test-method signature="tc()[pri:0, instance:testScripts.Tc1@18d87d80]" started-at="2023-02-14T01:53:38 IST" name="tc" finished-at="2023-02-14T01:53:41 IST" duration-ms="3383" status="PASS">
          <reporter-output>
          </reporter-output>
        </test-method> <!-- tc -->
        <test-method is-config="true" signature="logoutofApp()[pri:0, instance:testScripts.Tc1@18d87d80]" started-at="2023-02-14T01:53:41 IST" name="logoutofApp" finished-at="2023-02-14T01:53:41 IST" duration-ms="0" status="FAIL">
          <exception class="java.lang.IllegalMonitorStateException">
            <full-stacktrace>
              <![CDATA[java.lang.IllegalMonitorStateException
at java.base/java.lang.Object.wait(Native Method)
at com.numadic.genericUtils.BaseClass.logoutofApp(BaseClass.java:89)
at java.base/jdk.internal.reflect.NativeMethodAccessorImpl.invoke0(Native Method)
at java.base/jdk.internal.reflect.NativeMethodAccessorImpl.invoke(NativeMethodAccessorImpl.java:62)
at java.base/jdk.internal.reflect.DelegatingMethodAccessorImpl.invoke(DelegatingMethodAccessorImpl.java:43)
at java.base/java.lang.reflect.Method.invoke(Method.java:566)
at org.testng.internal.MethodInvocationHelper.invokeMethod(MethodInvocationHelper.java:133)
at org.testng.internal.MethodInvocationHelper.invokeMethodConsideringTimeout(MethodInvocationHelper.java:62)
at org.testng.internal.ConfigInvoker.invokeConfigurationMethod(ConfigInvoker.java:385)
at org.testng.internal.ConfigInvoker.invokeConfigurations(ConfigInvoker.java:321)
at org.testng.internal.TestInvoker.runConfigMethods(TestInvoker.java:700)
at org.testng.internal.TestInvoker.runAfterGroupsConfigurations(TestInvoker.java:676)
at org.testng.internal.TestInvoker.invokeMethod(TestInvoker.java:660)
at org.testng.internal.TestInvoker.invokeTestMethod(TestInvoker.java:173)
at org.testng.internal.MethodRunner.runInSequence(MethodRunner.java:46)
at org.testng.internal.TestInvoker$MethodInvocationAgent.invoke(TestInvoker.java:824)
at org.testng.internal.TestInvoker.invokeTestMethods(TestInvoker.java:146)
at org.testng.internal.TestMethodWorker.invokeTestMethods(TestMethodWorker.java:146)
at org.testng.internal.TestMethodWorker.run(TestMethodWorker.java:128)
at java.base/java.util.ArrayList.forEach(ArrayList.java:1541)
at org.testng.TestRunner.privateRun(TestRunner.java:794)
at org.testng.TestRunner.run(TestRunner.java:596)
at org.testng.SuiteRunner.runTest(SuiteRunner.java:377)
at org.testng.SuiteRunner.runSequentially(SuiteRunner.java:371)
at org.testng.SuiteRunner.privateRun(SuiteRunner.java:332)
at org.testng.SuiteRunner.run(SuiteRunner.java:276)
at org.testng.SuiteRunnerWorker.runSuite(SuiteRunnerWorker.java:53)
at org.testng.SuiteRunnerWorker.run(SuiteRunnerWorker.java:96)
at org.testng.TestNG.runSuitesSequentially(TestNG.java:1212)
at org.testng.TestNG.runSuitesLocally(TestNG.java:1134)
at org.testng.TestNG.runSuites(TestNG.java:1063)
at org.testng.TestNG.run(TestNG.java:1031)
at org.testng.remote.AbstractRemoteTestNG.run(AbstractRemoteTestNG.java:115)
at org.testng.remote.RemoteTestNG.initAndRun(RemoteTestNG.java:251)
at org.testng.remote.RemoteTestNG.main(RemoteTestNG.java:77)
]]>
            </full-stacktrace>
          </exception> <!-- java.lang.IllegalMonitorStateException -->
          <reporter-output>
          </reporter-output>
        </test-method> <!-- logoutofApp -->
        <test-method is-config="true" signature="CloseBrowser()[pri:0, instance:testScripts.Tc1@18d87d80]" started-at="2023-02-14T01:53:41 IST" name="CloseBrowser" finished-at="1970-01-01T05:30:00 IST" duration-ms="-1676319821954" status="SKIP">
          <reporter-output>
          </reporter-output>
        </test-method> <!-- CloseBrowser -->
        <test-method is-config="true" signature="closeDB()[pri:0, instance:testScripts.Tc1@18d87d80]" started-at="2023-02-14T01:53:42 IST" name="closeDB" finished-at="2023-02-14T01:53:42 IST" duration-ms="1" status="PASS">
          <reporter-output>
          </reporter-output>
        </test-method> <!-- closeDB -->
      </class> <!-- testScripts.Tc1 -->
    </test> <!-- Default test -->
  </suite> <!-- Default suite -->
</testng-results>
