<?xml version="1.0" encoding="UTF-8"?>
<testng-results ignored="0" total="1" passed="1" failed="0" skipped="0">
  <reporter-output>
  </reporter-output>
  <suite started-at="2023-02-14T00:51:24 IST" name="Default suite" finished-at="2023-02-14T00:51:30 IST" duration-ms="5684">
    <groups>
    </groups>
    <test started-at="2023-02-14T00:51:24 IST" name="Default test" finished-at="2023-02-14T00:51:30 IST" duration-ms="5684">
      <class name="testScripts.Tc1">
        <test-method is-config="true" signature="connectDB()[pri:0, instance:testScripts.Tc1@18d87d80]" started-at="2023-02-14T00:51:24 IST" name="connectDB" finished-at="2023-02-14T00:51:24 IST" duration-ms="6" status="PASS">
          <reporter-output>
          </reporter-output>
        </test-method> <!-- connectDB -->
        <test-method is-config="true" signature="configBC(java.lang.String)[pri:0, instance:testScripts.Tc1@18d87d80]" started-at="2023-02-14T00:51:24 IST" name="configBC" finished-at="2023-02-14T00:51:28 IST" duration-ms="3333" status="PASS">
          <params>
            <param index="0">
              <value>
                <![CDATA[chrome]]>
              </value>
            </param>
          </params>
          <reporter-output>
          </reporter-output>
        </test-method> <!-- configBC -->
        <test-method is-config="true" signature="loginToApp()[pri:0, instance:testScripts.Tc1@18d87d80]" started-at="2023-02-14T00:51:28 IST" name="loginToApp" finished-at="2023-02-14T00:51:28 IST" duration-ms="0" status="PASS">
          <reporter-output>
          </reporter-output>
        </test-method> <!-- loginToApp -->
        <test-method signature="tc()[pri:0, instance:testScripts.Tc1@18d87d80]" started-at="2023-02-14T00:51:28 IST" name="tc" finished-at="2023-02-14T00:51:30 IST" duration-ms="2196" status="PASS">
          <reporter-output>
          </reporter-output>
        </test-method> <!-- tc -->
        <test-method is-config="true" signature="logoutofApp()[pri:0, instance:testScripts.Tc1@18d87d80]" started-at="2023-02-14T00:51:30 IST" name="logoutofApp" finished-at="2023-02-14T00:51:30 IST" duration-ms="0" status="PASS">
          <reporter-output>
          </reporter-output>
        </test-method> <!-- logoutofApp -->
        <test-method is-config="true" signature="CloseBrowser()[pri:0, instance:testScripts.Tc1@18d87d80]" started-at="2023-02-14T00:51:30 IST" name="CloseBrowser" finished-at="2023-02-14T00:51:30 IST" duration-ms="134" status="PASS">
          <reporter-output>
          </reporter-output>
        </test-method> <!-- CloseBrowser -->
        <test-method is-config="true" signature="closeDB()[pri:0, instance:testScripts.Tc1@18d87d80]" started-at="2023-02-14T00:51:30 IST" name="closeDB" finished-at="2023-02-14T00:51:30 IST" duration-ms="1" status="PASS">
          <reporter-output>
          </reporter-output>
        </test-method> <!-- closeDB -->
      </class> <!-- testScripts.Tc1 -->
    </test> <!-- Default test -->
  </suite> <!-- Default suite -->
</testng-results>
